#
# A fatal error has been detected by the Java Runtime Environment:
#
#  EXCEPTION_ACCESS_VIOLATION (0xc0000005) at pc=0x00007ffea2438fee, pid=9256, tid=18628
#
# JRE version: OpenJDK Runtime Environment (16.0.2+7) (build 16.0.2+7-67)
# Java VM: OpenJDK 64-Bit Server VM (16.0.2+7-67, mixed mode, tiered, compressed oops, compressed class ptrs, g1 gc, windows-amd64)
# Problematic frame:
# V  [jvm.dll+0x658fee]
#
# No core dump will be written. Minidumps are not enabled by default on client versions of Windows
#
# If you would like to submit a bug report, please visit:
#   https://bugreport.java.com/bugreport/crash.jsp
#

---------------  S U M M A R Y ------------

Command Line: -XX:+ShowCodeDetailsInExceptionMessages -agentlib:jdwp=transport=dt_socket,suspend=y,address=localhost:65017 -javaagent:D:\Document Bootcamp\eclipse-jee-2021-09-R-win32-x86_64\eclipse\configuration\org.eclipse.osgi\415\0\.cp\lib\javaagent-shaded.jar -Dfile.encoding=UTF-8 com.lawencon.lms.App

Host: Intel(R) Core(TM) i7-7700HQ CPU @ 2.80GHz, 8 cores, 15G,  Windows 10 , 64 bit Build 22000 (10.0.22000.318)
Time: Fri Dec 17 15:34:00 2021 SE Asia Standard Time elapsed time: 1983.192871 seconds (0d 0h 33m 3s)

---------------  T H R E A D  ---------------

Current thread (0x000001e67bb3dda0):  JavaThread "JDWP Transport Listener: dt_socket" daemon [_thread_in_vm, id=18628, stack(0x00000027c2b00000,0x00000027c2c00000)]

Stack: [0x00000027c2b00000,0x00000027c2c00000],  sp=0x00000027c2bff210,  free space=1020k
Native frames: (J=compiled Java code, j=interpreted, Vv=VM code, C=native code)
V  [jvm.dll+0x658fee]
V  [jvm.dll+0x658f96]
V  [jvm.dll+0x404094]
V  [jvm.dll+0x3e3c6b]
C  [jdwp.dll+0xc7c4]


siginfo: EXCEPTION_ACCESS_VIOLATION (0xc0000005), writing address 0x0000000000000238


Register to memory mapping:

RIP=0x00007ffea2438fee jvm.dll
RAX=0x0000000000000001 is an unknown value
RBX=0x0 is NULL
RCX=0x0 is NULL
RDX=0x0000004000000000 is an unknown value
RSP=0x00000027c2bff210 is pointing into the stack for thread: 0x000001e67bb3dda0
RBP=0x0000004000000000 is an unknown value
RSI=0x0 is NULL
RDI=0x000001e65c4ce6e0 points into unknown readable memory: 0x000001e67b80ff30 | 30 ff 80 7b e6 01 00 00
R8 =0x000001e65c4ce6e0 points into unknown readable memory: 0x000001e67b80ff30 | 30 ff 80 7b e6 01 00 00
R9 =0x0000000000000001 is an unknown value
R10=0x000001e65a0c0000 points into unknown readable memory: 0x0000000000000000 | 00 00 00 00 00 00 00 00
R11=0x00000027c2bff318 is pointing into the stack for thread: 0x000001e67bb3dda0
R12=0x0 is NULL
R13=0x0 is NULL
R14=0x0000000000000009 is an unknown value
R15=0x0000000000000009 is an unknown value


Registers:
RAX=0x0000000000000001, RBX=0x0000000000000000, RCX=0x0000000000000000, RDX=0x0000004000000000
RSP=0x00000027c2bff210, RBP=0x0000004000000000, RSI=0x0000000000000000, RDI=0x000001e65c4ce6e0
R8 =0x000001e65c4ce6e0, R9 =0x0000000000000001, R10=0x000001e65a0c0000, R11=0x00000027c2bff318
R12=0x0000000000000000, R13=0x0000000000000000, R14=0x0000000000000009, R15=0x0000000000000009
RIP=0x00007ffea2438fee, EFLAGS=0x0000000000010202

Top of Stack: (sp=0x00000027c2bff210)
0x00000027c2bff210:   0000000000000080 00007ffea2439170
0x00000027c2bff220:   000001e67de08140 00007ffea2095b22
0x00000027c2bff230:   000001e60535ea40 00007fff10b87551
0x00000027c2bff240:   000001e60535ea30 000001e60535c600
0x00000027c2bff250:   000001e67b8a0f70 0000000000000000
0x00000027c2bff260:   0000000000000000 00007ffea1fa2ce6
0x00000027c2bff270:   0000000000000009 0000000000000009
0x00000027c2bff280:   0000000000000000 0000000000000000
0x00000027c2bff290:   000001e60535df00 00007fff10b87551
0x00000027c2bff2a0:   000001e60535def0 000001e65a1c0000
0x00000027c2bff2b0:   000001e67bb3e0b0 0000000000000000
0x00000027c2bff2c0:   0000000000000000 000001e67b8a0f70
0x00000027c2bff2d0:   00006858feb973a8 00007ffea2438c5f
0x00000027c2bff2e0:   0000000000000009 000001e65c4ce6e0
0x00000027c2bff2f0:   0000000000000000 000001e67bb3e0b0
0x00000027c2bff300:   0000003cc0743ae6 00007ffea2438f96 

Instructions: (pc=0x00007ffea2438fee)
0x00007ffea2438eee:   18 48 85 c0 75 06 48 89 5f 10 eb 0e 48 89 98 28
0x00007ffea2438efe:   02 00 00 48 89 83 20 02 00 00 48 8b 74 24 30 48
0x00007ffea2438f0e:   89 5f 18 48 83 3d c7 3a 49 00 00 74 12 48 8b 17
0x00007ffea2438f1e:   48 8d 0d 6b 96 2d 00 4c 8b c3 e8 93 f1 ff ff 48
0x00007ffea2438f2e:   8b 5c 24 38 b0 01 48 83 c4 20 5f c3 cc cc cc cc
0x00007ffea2438f3e:   cc cc 48 89 5c 24 08 48 89 74 24 10 57 48 83 ec
0x00007ffea2438f4e:   20 48 8b da 48 8b f9 e8 c6 fc ff ff 48 83 3d 0e
0x00007ffea2438f5e:   3a 49 00 00 48 8b f0 74 12 48 8b 17 48 8d 0d 47
0x00007ffea2438f6e:   96 2d 00 4c 8b c3 e8 87 f1 ff ff 48 2b de ba 01
0x00007ffea2438f7e:   00 00 00 48 c1 fb 03 4c 8b c7 0f b6 cb 48 d3 e2
0x00007ffea2438f8e:   48 8b ce e8 2a 00 00 00 48 c7 c0 ff ff ff ff f0
0x00007ffea2438f9e:   48 0f c1 47 40 48 8b 5c 24 30 48 8b 74 24 38 48
0x00007ffea2438fae:   83 c4 20 5f c3 cc cc cc cc cc cc cc cc cc cc cc
0x00007ffea2438fbe:   cc cc 40 53 55 56 57 41 56 48 81 ec d0 00 00 00
0x00007ffea2438fce:   48 8b 05 33 7d 44 00 48 33 c4 48 89 84 24 c0 00
0x00007ffea2438fde:   00 00 49 8b f8 48 8b ea 48 8b d9 b8 01 00 00 00
0x00007ffea2438fee:   f0 48 0f c1 81 38 02 00 00 48 8b b1 00 02 00 00
0x00007ffea2438ffe:   48 8b ca 48 33 ce 48 8b c6 f0 48 0f b1 8b 00 02
0x00007ffea243900e:   00 00 74 17 48 8b cd 48 8b f0 48 33 c8 f0 48 0f
0x00007ffea243901e:   b1 8b 00 02 00 00 48 3b c6 75 e9 4c 8b f6 49 f7
0x00007ffea243902e:   d6 48 3b ee 74 09 4d 85 f6 0f 85 13 01 00 00 48
0x00007ffea243903e:   83 3d 9b 39 49 00 00 0f 84 81 00 00 00 ba 50 00
0x00007ffea243904e:   00 00 48 8d 4c 24 20 e8 26 fb 00 00 48 8d 05 af
0x00007ffea243905e:   9f 24 00 48 8d 4c 24 58 48 89 44 24 20 e8 f0 68
0x00007ffea243906e:   f0 ff c7 84 24 b0 00 00 00 01 00 00 00 48 8d 05
0x00007ffea243907e:   2e 39 49 00 48 89 84 24 b8 00 00 00 4d 85 f6 75
0x00007ffea243908e:   17 4c 8b 07 48 8d 15 97 94 2d 00 4c 8b cb 48 8d
0x00007ffea243909e:   4c 24 20 e8 5a 12 01 00 48 3b ee 75 17 4c 8b 07
0x00007ffea24390ae:   48 8d 15 9b 94 2d 00 4c 8b cb 48 8d 4c 24 20 e8
0x00007ffea24390be:   3e 12 01 00 48 8d 4c 24 20 e8 b4 68 f0 ff 33 c0
0x00007ffea24390ce:   f0 48 0f b1 9b 30 02 00 00 75 77 48 8b 47 20 48
0x00007ffea24390de:   85 c0 48 8b c8 48 0f 44 cb 48 89 8b 30 02 00 00 


Stack slot to memory mapping:
stack at sp + 0 slots: 0x0000000000000080 is an unknown value
stack at sp + 1 slots: 0x00007ffea2439170 jvm.dll
stack at sp + 2 slots: 0x000001e67de08140 points into unknown readable memory: 0x000001e65a0c0fc0 | c0 0f 0c 5a e6 01 00 00
stack at sp + 3 slots: 0x00007ffea2095b22 jvm.dll
stack at sp + 4 slots: 0x000001e60535ea40 points into unknown readable memory: 0x752f6176023017f0 | f0 17 30 02 76 61 2f 75
stack at sp + 5 slots: 0x00007fff10b87551 ntdll.dll
stack at sp + 6 slots: 0x000001e60535ea30 points into unknown readable memory: 0x0000000000000000 | 00 00 00 00 00 00 00 00
stack at sp + 7 slots: 0x000001e60535c600 points into unknown readable memory: 0x000001e67de08140 | 40 81 e0 7d e6 01 00 00


---------------  P R O C E S S  ---------------

Threads class SMR info:
_java_thread_list=0x000001e603224e30, length=25, elements={
0x000001e67b833250, 0x000001e67b836e70, 0x000001e67b8684b0, 0x000001e67b868eb0,
0x000001e67b8698b0, 0x000001e67b86a2b0, 0x000001e67b8765a0, 0x000001e67b8783f0,
0x000001e67b88b210, 0x000001e67ade3a10, 0x000001e67bb3dda0, 0x000001e67bb3ec90,
0x000001e67c54fb90, 0x000001e60430ce00, 0x000001e6040a0ee0, 0x000001e604de6600,
0x000001e67f3c9af0, 0x000001e67f1ad7c0, 0x000001e67f1acd20, 0x000001e67f1a9d50,
0x000001e67f1aad40, 0x000001e67f1abd30, 0x000001e67f1ac7d0, 0x000001e67f1add10,
0x000001e67f1a7820
}

Java Threads: ( => current thread )
  0x000001e67b833250 JavaThread "Reference Handler" daemon [_thread_blocked, id=2268, stack(0x00000027c2000000,0x00000027c2100000)]
  0x000001e67b836e70 JavaThread "Finalizer" daemon [_thread_blocked, id=9464, stack(0x00000027c2100000,0x00000027c2200000)]
  0x000001e67b8684b0 JavaThread "Signal Dispatcher" daemon [_thread_blocked, id=18576, stack(0x00000027c2200000,0x00000027c2300000)]
  0x000001e67b868eb0 JavaThread "Attach Listener" daemon [_thread_blocked, id=11612, stack(0x00000027c2300000,0x00000027c2400000)]
  0x000001e67b8698b0 JavaThread "Service Thread" daemon [_thread_blocked, id=20568, stack(0x00000027c2400000,0x00000027c2500000)]
  0x000001e67b86a2b0 JavaThread "Monitor Deflation Thread" daemon [_thread_blocked, id=9280, stack(0x00000027c2500000,0x00000027c2600000)]
  0x000001e67b8765a0 JavaThread "C2 CompilerThread0" daemon [_thread_blocked, id=5912, stack(0x00000027c2600000,0x00000027c2700000)]
  0x000001e67b8783f0 JavaThread "C1 CompilerThread0" daemon [_thread_blocked, id=2628, stack(0x00000027c2700000,0x00000027c2800000)]
  0x000001e67b88b210 JavaThread "Sweeper thread" daemon [_thread_blocked, id=10688, stack(0x00000027c2800000,0x00000027c2900000)]
  0x000001e67ade3a10 JavaThread "Common-Cleaner" daemon [_thread_blocked, id=15856, stack(0x00000027c2900000,0x00000027c2a00000)]
=>0x000001e67bb3dda0 JavaThread "JDWP Transport Listener: dt_socket" daemon [_thread_in_vm, id=18628, stack(0x00000027c2b00000,0x00000027c2c00000)]
  0x000001e67bb3ec90 JavaThread "JDWP Event Helper Thread" daemon [_thread_blocked, id=22192, stack(0x00000027c2c00000,0x00000027c2d00000)]
  0x000001e67c54fb90 JavaThread "Notification Thread" daemon [_thread_blocked, id=2196, stack(0x00000027c2e00000,0x00000027c2f00000)]
  0x000001e60430ce00 JavaThread "Catalina-utility-1" [_thread_blocked, id=6148, stack(0x00000027c3a00000,0x00000027c3b00000)]
  0x000001e6040a0ee0 JavaThread "Catalina-utility-2" [_thread_blocked, id=14408, stack(0x00000027c3c00000,0x00000027c3d00000)]
  0x000001e604de6600 JavaThread "container-0" [_thread_blocked, id=1812, stack(0x00000027c3d00000,0x00000027c3e00000)]
  0x000001e67f3c9af0 JavaThread "HikariPool-1 housekeeper" daemon [_thread_blocked, id=15236, stack(0x00000027c3f00000,0x00000027c4000000)]
  0x000001e67f1ad7c0 JavaThread "File Watcher" daemon [_thread_blocked, id=12424, stack(0x00000027c4100000,0x00000027c4200000)]
  0x000001e67f1acd20 JavaThread "Live Reload Server" daemon [_thread_in_native, id=15208, stack(0x00000027c4300000,0x00000027c4400000)]
  0x000001e67f1a9d50 JavaThread "http-nio-8888-Poller" daemon [_thread_in_native, id=3308, stack(0x00000027c4200000,0x00000027c4300000)]
  0x000001e67f1aad40 JavaThread "http-nio-8888-Acceptor" daemon [_thread_in_native, id=180, stack(0x00000027c4400000,0x00000027c4500000)]
  0x000001e67f1abd30 JavaThread "http-nio-8888-exec-1" daemon [_thread_blocked, id=952, stack(0x00000027c1600000,0x00000027c1700000)]
  0x000001e67f1ac7d0 JavaThread "http-nio-8888-exec-2" daemon [_thread_blocked, id=1940, stack(0x00000027c1700000,0x00000027c1800000)]
  0x000001e67f1add10 JavaThread "http-nio-8888-exec-3" daemon [_thread_blocked, id=16756, stack(0x00000027c1800000,0x00000027c1900000)]
  0x000001e67f1a7820 JavaThread "DestroyJavaVM" [_thread_blocked, id=7992, stack(0x00000027c1900000,0x00000027c1a00000)]

Other Threads:
  0x000001e67b820ae0 VMThread "VM Thread" [stack: 0x00000027c1f00000,0x00000027c2000000] [id=2056]
  0x000001e67c5508c0 WatcherThread [stack: 0x00000027c2f00000,0x00000027c3000000] [id=14104]
  0x000001e65c453040 GCTaskThread "GC Thread#0" [stack: 0x00000027c1a00000,0x00000027c1b00000] [id=15536]
  0x000001e67c667e90 GCTaskThread "GC Thread#1" [stack: 0x00000027c3000000,0x00000027c3100000] [id=9228]
  0x000001e67c6681a0 GCTaskThread "GC Thread#2" [stack: 0x00000027c3100000,0x00000027c3200000] [id=15096]
  0x000001e67c527890 GCTaskThread "GC Thread#3" [stack: 0x00000027c3200000,0x00000027c3300000] [id=11324]
  0x000001e67c527ba0 GCTaskThread "GC Thread#4" [stack: 0x00000027c3300000,0x00000027c3400000] [id=19124]
  0x000001e67c527eb0 GCTaskThread "GC Thread#5" [stack: 0x00000027c3400000,0x00000027c3500000] [id=15156]
  0x000001e67da2dff0 GCTaskThread "GC Thread#6" [stack: 0x00000027c3500000,0x00000027c3600000] [id=8524]
  0x000001e67d752a30 GCTaskThread "GC Thread#7" [stack: 0x00000027c3600000,0x00000027c3700000] [id=12000]
  0x000001e65c4645d0 ConcurrentGCThread "G1 Main Marker" [stack: 0x00000027c1b00000,0x00000027c1c00000] [id=1620]
  0x000001e65c464f60 ConcurrentGCThread "G1 Conc#0" [stack: 0x00000027c1c00000,0x00000027c1d00000] [id=3748]
  0x000001e67de9d020 ConcurrentGCThread "G1 Conc#1" [stack: 0x00000027c3b00000,0x00000027c3c00000] [id=19680]
  0x000001e65c4b9bd0 ConcurrentGCThread "G1 Refine#0" [stack: 0x00000027c1d00000,0x00000027c1e00000] [id=4896]
  0x000001e6047b9060 ConcurrentGCThread "G1 Refine#1" [stack: 0x00000027c4f00000,0x00000027c5000000] [id=22020]
  0x000001e6047b93a0 ConcurrentGCThread "G1 Refine#2" [stack: 0x00000027c5000000,0x00000027c5100000] [id=14760]
  0x000001e6047b79a0 ConcurrentGCThread "G1 Refine#3" [stack: 0x00000027c5100000,0x00000027c5200000] [id=21444]
  0x000001e65c4ba570 ConcurrentGCThread "G1 Service" [stack: 0x00000027c1e00000,0x00000027c1f00000] [id=3088]

Threads with active compile tasks:

VM state: not at safepoint (normal execution)

VM Mutex/Monitor currently owned by a thread: None

Heap address: 0x0000000701e00000, size: 4066 MB, Compressed Oops mode: Zero based, Oop shift amount: 3

CDS disabled.
Compressed class space mapped at: 0x0000000800000000-0x0000000840000000, reserved size: 1073741824
Narrow klass base: 0x0000000800000000, Narrow klass shift: 0, Narrow klass range: 0x40000000

GC Precious Log:
 CPUs: 8 total, 8 available
 Memory: 16258M
 Large Page Support: Disabled
 NUMA Support: Disabled
 Compressed Oops: Enabled (Zero based)
 Heap Region Size: 2M
 Heap Min Capacity: 8M
 Heap Initial Capacity: 256M
 Heap Max Capacity: 4066M
 Pre-touch: Disabled
 Parallel Workers: 8
 Concurrent Workers: 2
 Concurrent Refinement Workers: 8
 Periodic GC: Disabled

Heap:
 garbage-first heap   total 161792K, used 73580K [0x0000000701e00000, 0x0000000800000000)
  region size 2048K, 12 young (24576K), 3 survivors (6144K)
 Metaspace       used 79204K, committed 79680K, reserved 1122304K
  class space    used 9607K, committed 9856K, reserved 1048576K

Heap Regions: E=young(eden), S=young(survivor), O=old, HS=humongous(starts), HC=humongous(continues), CS=collection set, F=free, OA=open archive, CA=closed archive, TAMS=top-at-mark-start (previous, next)
|   0|0x0000000701e00000, 0x0000000702000000, 0x0000000702000000|100%| O|  |TAMS 0x0000000702000000, 0x0000000701e00000| Untracked 
|   1|0x0000000702000000, 0x0000000702200000, 0x0000000702200000|100%| O|  |TAMS 0x0000000702200000, 0x0000000702000000| Untracked 
|   2|0x0000000702200000, 0x0000000702400000, 0x0000000702400000|100%| O|  |TAMS 0x0000000702400000, 0x0000000702200000| Untracked 
|   3|0x0000000702400000, 0x0000000702600000, 0x0000000702600000|100%| O|  |TAMS 0x0000000702600000, 0x0000000702400000| Untracked 
|   4|0x0000000702600000, 0x0000000702600000, 0x0000000702800000|  0%| F|  |TAMS 0x0000000702600000, 0x0000000702600000| Untracked 
|   5|0x0000000702800000, 0x0000000702a00000, 0x0000000702a00000|100%| O|  |TAMS 0x0000000702a00000, 0x0000000702800000| Untracked 
|   6|0x0000000702a00000, 0x0000000702bb7c00, 0x0000000702c00000| 85%| O|  |TAMS 0x0000000702bb7c00, 0x0000000702a00000| Untracked 
|   7|0x0000000702c00000, 0x0000000702e00000, 0x0000000702e00000|100%| O|  |TAMS 0x0000000702e00000, 0x0000000702c00000| Untracked 
|   8|0x0000000702e00000, 0x0000000703000000, 0x0000000703000000|100%| O|  |TAMS 0x0000000703000000, 0x0000000702e00000| Untracked 
|   9|0x0000000703000000, 0x0000000703200000, 0x0000000703200000|100%| O|  |TAMS 0x0000000703200000, 0x0000000703000000| Untracked 
|  10|0x0000000703200000, 0x0000000703400000, 0x0000000703400000|100%| O|  |TAMS 0x0000000703400000, 0x0000000703200000| Untracked 
|  11|0x0000000703400000, 0x0000000703400000, 0x0000000703600000|  0%| F|  |TAMS 0x0000000703400000, 0x0000000703400000| Untracked 
|  12|0x0000000703600000, 0x0000000703800000, 0x0000000703800000|100%| O|  |TAMS 0x0000000703800000, 0x0000000703600000| Untracked 
|  13|0x0000000703800000, 0x0000000703a00000, 0x0000000703a00000|100%| O|  |TAMS 0x0000000703a00000, 0x0000000703800000| Untracked 
|  14|0x0000000703a00000, 0x0000000703c00000, 0x0000000703c00000|100%| O|  |TAMS 0x0000000703c00000, 0x0000000703a00000| Untracked 
|  15|0x0000000703c00000, 0x0000000703e00000, 0x0000000703e00000|100%| O|  |TAMS 0x0000000703e00000, 0x0000000703c00000| Untracked 
|  16|0x0000000703e00000, 0x0000000703e00000, 0x0000000704000000|  0%| F|  |TAMS 0x0000000703e00000, 0x0000000703e00000| Untracked 
|  17|0x0000000704000000, 0x0000000704200000, 0x0000000704200000|100%| O|  |TAMS 0x0000000704000000, 0x0000000704000000| Untracked 
|  18|0x0000000704200000, 0x0000000704400000, 0x0000000704400000|100%| O|  |TAMS 0x0000000704200000, 0x0000000704200000| Untracked 
|  19|0x0000000704400000, 0x000000070453fe00, 0x0000000704600000| 62%| O|  |TAMS 0x0000000704400000, 0x0000000704400000| Untracked 
|  20|0x0000000704600000, 0x0000000704600000, 0x0000000704800000|  0%| F|  |TAMS 0x0000000704600000, 0x0000000704600000| Untracked 
|  21|0x0000000704800000, 0x0000000704a00000, 0x0000000704a00000|100%| O|  |TAMS 0x0000000704a00000, 0x0000000704800000| Untracked 
|  22|0x0000000704a00000, 0x0000000704c00000, 0x0000000704c00000|100%| O|  |TAMS 0x0000000704c00000, 0x0000000704a00000| Untracked 
|  23|0x0000000704c00000, 0x0000000704e00000, 0x0000000704e00000|100%| O|  |TAMS 0x0000000704e00000, 0x0000000704c00000| Untracked 
|  24|0x0000000704e00000, 0x0000000705000000, 0x0000000705000000|100%| O|  |TAMS 0x0000000705000000, 0x0000000704e00000| Untracked 
|  25|0x0000000705000000, 0x0000000705200000, 0x0000000705200000|100%| O|  |TAMS 0x0000000705200000, 0x0000000705000000| Untracked 
|  26|0x0000000705200000, 0x0000000705200000, 0x0000000705400000|  0%| F|  |TAMS 0x0000000705200000, 0x0000000705200000| Untracked 
|  27|0x0000000705400000, 0x0000000705400000, 0x0000000705600000|  0%| F|  |TAMS 0x0000000705400000, 0x0000000705400000| Untracked 
|  28|0x0000000705600000, 0x0000000705600000, 0x0000000705800000|  0%| F|  |TAMS 0x0000000705600000, 0x0000000705600000| Untracked 
|  29|0x0000000705800000, 0x0000000705800000, 0x0000000705a00000|  0%| F|  |TAMS 0x0000000705800000, 0x0000000705800000| Untracked 
|  30|0x0000000705a00000, 0x0000000705c00000, 0x0000000705c00000|100%| O|  |TAMS 0x0000000705b50e00, 0x0000000705a00000| Untracked 
|  31|0x0000000705c00000, 0x0000000705e00000, 0x0000000705e00000|100%| O|  |TAMS 0x0000000705c00000, 0x0000000705c00000| Untracked 
|  32|0x0000000705e00000, 0x0000000706000000, 0x0000000706000000|100%| O|  |TAMS 0x0000000705e00000, 0x0000000705e00000| Untracked 
|  33|0x0000000706000000, 0x0000000706200000, 0x0000000706200000|100%| O|  |TAMS 0x0000000706000000, 0x0000000706000000| Untracked 
|  34|0x0000000706200000, 0x0000000706200000, 0x0000000706400000|  0%| F|  |TAMS 0x0000000706200000, 0x0000000706200000| Untracked 
|  35|0x0000000706400000, 0x0000000706400000, 0x0000000706600000|  0%| F|  |TAMS 0x0000000706400000, 0x0000000706400000| Untracked 
|  36|0x0000000706600000, 0x00000007066e3760, 0x0000000706800000| 44%| S|CS|TAMS 0x0000000706600000, 0x0000000706600000| Complete 
|  37|0x0000000706800000, 0x0000000706a00000, 0x0000000706a00000|100%| S|CS|TAMS 0x0000000706800000, 0x0000000706800000| Complete 
|  38|0x0000000706a00000, 0x0000000706c00000, 0x0000000706c00000|100%| S|CS|TAMS 0x0000000706a00000, 0x0000000706a00000| Complete 
|  39|0x0000000706c00000, 0x0000000706c00000, 0x0000000706e00000|  0%| F|  |TAMS 0x0000000706c00000, 0x0000000706c00000| Untracked 
|  40|0x0000000706e00000, 0x0000000706e00000, 0x0000000707000000|  0%| F|  |TAMS 0x0000000706e00000, 0x0000000706e00000| Untracked 
|  41|0x0000000707000000, 0x0000000707000000, 0x0000000707200000|  0%| F|  |TAMS 0x0000000707000000, 0x0000000707000000| Untracked 
|  42|0x0000000707200000, 0x0000000707200000, 0x0000000707400000|  0%| F|  |TAMS 0x0000000707200000, 0x0000000707200000| Untracked 
|  43|0x0000000707400000, 0x0000000707400000, 0x0000000707600000|  0%| F|  |TAMS 0x0000000707400000, 0x0000000707400000| Untracked 
|  44|0x0000000707600000, 0x0000000707600000, 0x0000000707800000|  0%| F|  |TAMS 0x0000000707600000, 0x0000000707600000| Untracked 
|  45|0x0000000707800000, 0x0000000707800000, 0x0000000707a00000|  0%| F|  |TAMS 0x0000000707800000, 0x0000000707800000| Untracked 
|  46|0x0000000707a00000, 0x0000000707a00000, 0x0000000707c00000|  0%| F|  |TAMS 0x0000000707a00000, 0x0000000707a00000| Untracked 
|  47|0x0000000707c00000, 0x0000000707c00000, 0x0000000707e00000|  0%| F|  |TAMS 0x0000000707c00000, 0x0000000707c00000| Untracked 
|  48|0x0000000707e00000, 0x0000000707e00000, 0x0000000708000000|  0%| F|  |TAMS 0x0000000707e00000, 0x0000000707e00000| Untracked 
|  49|0x0000000708000000, 0x0000000708000000, 0x0000000708200000|  0%| F|  |TAMS 0x0000000708000000, 0x0000000708000000| Untracked 
|  50|0x0000000708200000, 0x0000000708200000, 0x0000000708400000|  0%| F|  |TAMS 0x0000000708200000, 0x0000000708200000| Untracked 
|  51|0x0000000708400000, 0x0000000708400000, 0x0000000708600000|  0%| F|  |TAMS 0x0000000708400000, 0x0000000708400000| Untracked 
|  52|0x0000000708600000, 0x0000000708600000, 0x0000000708800000|  0%| F|  |TAMS 0x0000000708600000, 0x0000000708600000| Untracked 
|  53|0x0000000708800000, 0x0000000708800000, 0x0000000708a00000|  0%| F|  |TAMS 0x0000000708800000, 0x0000000708800000| Untracked 
|  54|0x0000000708a00000, 0x0000000708a00000, 0x0000000708c00000|  0%| F|  |TAMS 0x0000000708a00000, 0x0000000708a00000| Untracked 
|  55|0x0000000708c00000, 0x0000000708c00000, 0x0000000708e00000|  0%| F|  |TAMS 0x0000000708c00000, 0x0000000708c00000| Untracked 
|  56|0x0000000708e00000, 0x0000000708e00000, 0x0000000709000000|  0%| F|  |TAMS 0x0000000708e00000, 0x0000000708e00000| Untracked 
|  57|0x0000000709000000, 0x0000000709000000, 0x0000000709200000|  0%| F|  |TAMS 0x0000000709000000, 0x0000000709000000| Untracked 
|  58|0x0000000709200000, 0x0000000709200000, 0x0000000709400000|  0%| F|  |TAMS 0x0000000709200000, 0x0000000709200000| Untracked 
|  59|0x0000000709400000, 0x0000000709400000, 0x0000000709600000|  0%| F|  |TAMS 0x0000000709400000, 0x0000000709400000| Untracked 
|  60|0x0000000709600000, 0x0000000709600000, 0x0000000709800000|  0%| F|  |TAMS 0x0000000709600000, 0x0000000709600000| Untracked 
|  61|0x0000000709800000, 0x0000000709800000, 0x0000000709a00000|  0%| F|  |TAMS 0x0000000709800000, 0x0000000709800000| Untracked 
|  62|0x0000000709a00000, 0x0000000709a00000, 0x0000000709c00000|  0%| F|  |TAMS 0x0000000709a00000, 0x0000000709a00000| Untracked 
|  63|0x0000000709c00000, 0x0000000709c00000, 0x0000000709e00000|  0%| F|  |TAMS 0x0000000709c00000, 0x0000000709c00000| Untracked 
|  64|0x0000000709e00000, 0x0000000709e00000, 0x000000070a000000|  0%| F|  |TAMS 0x0000000709e00000, 0x0000000709e00000| Untracked 
|  65|0x000000070a000000, 0x000000070a000000, 0x000000070a200000|  0%| F|  |TAMS 0x000000070a000000, 0x000000070a000000| Untracked 
|  66|0x000000070a200000, 0x000000070a200000, 0x000000070a400000|  0%| F|  |TAMS 0x000000070a200000, 0x000000070a200000| Untracked 
|  67|0x000000070a400000, 0x000000070a400000, 0x000000070a600000|  0%| F|  |TAMS 0x000000070a400000, 0x000000070a400000| Untracked 
|  68|0x000000070a600000, 0x000000070a600000, 0x000000070a800000|  0%| F|  |TAMS 0x000000070a600000, 0x000000070a600000| Untracked 
|  69|0x000000070a800000, 0x000000070a800000, 0x000000070aa00000|  0%| F|  |TAMS 0x000000070a800000, 0x000000070a800000| Untracked 
|  70|0x000000070aa00000, 0x000000070ab21cb8, 0x000000070ac00000| 56%| E|  |TAMS 0x000000070aa00000, 0x000000070aa00000| Complete 
|  71|0x000000070ac00000, 0x000000070ae00000, 0x000000070ae00000|100%| E|CS|TAMS 0x000000070ac00000, 0x000000070ac00000| Complete 
|  72|0x000000070ae00000, 0x000000070b000000, 0x000000070b000000|100%| E|CS|TAMS 0x000000070ae00000, 0x000000070ae00000| Complete 
|  73|0x000000070b000000, 0x000000070b200000, 0x000000070b200000|100%| E|CS|TAMS 0x000000070b000000, 0x000000070b000000| Complete 
|  74|0x000000070b200000, 0x000000070b400000, 0x000000070b400000|100%| E|CS|TAMS 0x000000070b200000, 0x000000070b200000| Complete 
|  75|0x000000070b400000, 0x000000070b600000, 0x000000070b600000|100%| E|CS|TAMS 0x000000070b400000, 0x000000070b400000| Complete 
|  76|0x000000070b600000, 0x000000070b800000, 0x000000070b800000|100%| E|CS|TAMS 0x000000070b600000, 0x000000070b600000| Complete 
|  77|0x000000070b800000, 0x000000070ba00000, 0x000000070ba00000|100%| E|CS|TAMS 0x000000070b800000, 0x000000070b800000| Complete 
|  78|0x000000070ba00000, 0x000000070bc00000, 0x000000070bc00000|100%| E|CS|TAMS 0x000000070ba00000, 0x000000070ba00000| Complete 

Card table byte_map: [0x000001e66f4a0000,0x000001e66fca0000] _byte_map_base: 0x000001e66bc91000

Marking Bits (Prev, Next): (CMBitMap*) 0x000001e65c4535d0, (CMBitMap*) 0x000001e65c453610
 Prev Bits: [0x000001e6704a0000, 0x000001e674428000)
 Next Bits: [0x000001e674430000, 0x000001e6783b8000)

Polling page: 0x000001e65a1b0000

Metaspace:

Usage:
  Non-class:     67.97 MB used.
      Class:      9.38 MB used.
       Both:     77.35 MB used.

Virtual space:
  Non-class space:       72.00 MB reserved,      68.19 MB ( 95%) committed,  9 nodes.
      Class space:        1.00 GB reserved,       9.62 MB ( <1%) committed,  1 nodes.
              Both:        1.07 GB reserved,      77.81 MB (  7%) committed. 

Chunk freelists:
   Non-Class:  3.20 MB
       Class:  2.42 MB
        Both:  5.62 MB

MaxMetaspaceSize: 17179869184.00 GB
CompressedClassSpaceSize: 1.00 GB
 - commit_granule_bytes: 65536.
 - commit_granule_words: 8192.
 - virtual_space_node_default_size: 1048576.
 - enlarge_chunks_in_place: 1.
 - new_chunks_are_fully_committed: 0.
 - uncommit_free_chunks: 1.
 - use_allocation_guard: 0.
 - handle_deallocations: 1.


Internal statistics:

num_allocs_failed_limit: 9.
num_arena_births: 616.
num_arena_deaths: 42.
num_vsnodes_births: 10.
num_vsnodes_deaths: 0.
num_space_committed: 1245.
num_space_uncommitted: 0.
num_chunks_returned_to_freelist: 72.
num_chunks_taken_from_freelist: 3295.
num_chunk_merges: 17.
num_chunk_splits: 2239.
num_chunks_enlarged: 1680.
num_purges: 2.

CodeHeap 'non-profiled nmethods': size=120000Kb used=6023Kb max_used=6023Kb free=113976Kb
 bounds [0x000001e667440000, 0x000001e667a30000, 0x000001e66e970000]
CodeHeap 'profiled nmethods': size=120000Kb used=14049Kb max_used=14049Kb free=105950Kb
 bounds [0x000001e65ff10000, 0x000001e660cd0000, 0x000001e667440000]
CodeHeap 'non-nmethods': size=5760Kb used=1391Kb max_used=1526Kb free=4368Kb
 bounds [0x000001e65f970000, 0x000001e65fbe0000, 0x000001e65ff10000]
 total_blobs=7621 nmethods=6983 adapters=549
 compilation: enabled
              stopped_count=0, restarted_count=0
 full_count=0

Compilation events (20 events):
Event: 1982.926 Thread 0x000001e67b8783f0 8233       3       java.io.StringReader::ensureOpen (18 bytes)
Event: 1982.927 Thread 0x000001e67b8783f0 nmethod 8233 0x000001e660cc7e10 code [0x000001e660cc7fc0, 0x000001e660cc81e8]
Event: 1982.927 Thread 0x000001e67b8783f0 8234       3       java.nio.StringCharBuffer::get (19 bytes)
Event: 1982.927 Thread 0x000001e67b8765a0 8235       4       java.nio.Buffer::nextGetIndex (30 bytes)
Event: 1982.927 Thread 0x000001e67b8783f0 nmethod 8234 0x000001e660cc8310 code [0x000001e660cc84e0, 0x000001e660cc8858]
Event: 1982.927 Thread 0x000001e67b8783f0 8237       1       org.apache.tomcat.util.buf.ByteChunk::getBuffer (5 bytes)
Event: 1982.927 Thread 0x000001e67b8783f0 nmethod 8237 0x000001e667a1c610 code [0x000001e667a1c7a0, 0x000001e667a1c878]
Event: 1982.927 Thread 0x000001e67b8783f0 8238       1       org.apache.tomcat.util.buf.MessageBytes::getByteChunk (5 bytes)
Event: 1982.927 Thread 0x000001e67b8783f0 nmethod 8238 0x000001e667a1c910 code [0x000001e667a1caa0, 0x000001e667a1cb78]
Event: 1982.927 Thread 0x000001e67b8765a0 nmethod 8235 0x000001e667a1cc10 code [0x000001e667a1cda0, 0x000001e667a1ce58]
Event: 1982.927 Thread 0x000001e67b8765a0 8236       4       java.util.Objects::checkFromIndexSize (8 bytes)
Event: 1982.928 Thread 0x000001e67b8765a0 nmethod 8236 0x000001e667a1cf10 code [0x000001e667a1d0a0, 0x000001e667a1d158]
Event: 1982.929 Thread 0x000001e67b8783f0 8239       3       org.apache.tomcat.util.buf.ByteChunk::equalsIgnoreCase (76 bytes)
Event: 1982.930 Thread 0x000001e67b8783f0 nmethod 8239 0x000001e660cc8a10 code [0x000001e660cc8c80, 0x000001e660cc96f8]
Event: 1982.940 Thread 0x000001e67b8783f0 8240       1       javax.servlet.ServletResponseWrapper::getResponse (5 bytes)
Event: 1982.940 Thread 0x000001e67b8783f0 nmethod 8240 0x000001e667a1d210 code [0x000001e667a1d3a0, 0x000001e667a1d478]
Event: 1982.941 Thread 0x000001e67b8765a0 8241       4       org.springframework.core.ResolvableType::resolveType (151 bytes)
Event: 1982.944 Thread 0x000001e67b8783f0 8242       3       org.apache.tomcat.util.buf.AbstractChunk::recycle (21 bytes)
Event: 1982.944 Thread 0x000001e67b8783f0 nmethod 8242 0x000001e660cc9c10 code [0x000001e660cc9da0, 0x000001e660cc9eb8]
Event: 1983.084 Thread 0x000001e67b8765a0 nmethod 8241 0x000001e667a1d510 code [0x000001e667a1da20, 0x000001e667a20580]

GC Heap History (20 events):
Event: 15.184 GC heap before
{Heap before GC invocations=25 (full 0):
 garbage-first heap   total 122880K, used 89048K [0x0000000701e00000, 0x0000000800000000)
  region size 2048K, 21 young (43008K), 4 survivors (8192K)
 Metaspace       used 63787K, committed 64256K, reserved 1105920K
  class space    used 7798K, committed 8000K, reserved 1048576K
}
Event: 15.194 GC heap after
{Heap after GC invocations=26 (full 0):
 garbage-first heap   total 122880K, used 66032K [0x0000000701e00000, 0x0000000800000000)
  region size 2048K, 3 young (6144K), 3 survivors (6144K)
 Metaspace       used 63787K, committed 64256K, reserved 1105920K
  class space    used 7798K, committed 8000K, reserved 1048576K
}
Event: 15.492 GC heap before
{Heap before GC invocations=26 (full 0):
 garbage-first heap   total 122880K, used 88560K [0x0000000701e00000, 0x0000000800000000)
  region size 2048K, 15 young (30720K), 3 survivors (6144K)
 Metaspace       used 65880K, committed 66368K, reserved 1114112K
  class space    used 8042K, committed 8256K, reserved 1048576K
}
Event: 15.498 GC heap after
{Heap after GC invocations=27 (full 0):
 garbage-first heap   total 161792K, used 68944K [0x0000000701e00000, 0x0000000800000000)
  region size 2048K, 2 young (4096K), 2 survivors (4096K)
 Metaspace       used 65880K, committed 66368K, reserved 1114112K
  class space    used 8042K, committed 8256K, reserved 1048576K
}
Event: 63.711 GC heap before
{Heap before GC invocations=28 (full 0):
 garbage-first heap   total 161792K, used 109904K [0x0000000701e00000, 0x0000000800000000)
  region size 2048K, 26 young (53248K), 2 survivors (4096K)
 Metaspace       used 69864K, committed 70272K, reserved 1114112K
  class space    used 8477K, committed 8704K, reserved 1048576K
}
Event: 63.717 GC heap after
{Heap after GC invocations=29 (full 0):
 garbage-first heap   total 161792K, used 63401K [0x0000000701e00000, 0x0000000800000000)
  region size 2048K, 2 young (4096K), 2 survivors (4096K)
 Metaspace       used 69864K, committed 70272K, reserved 1114112K
  class space    used 8477K, committed 8704K, reserved 1048576K
}
Event: 63.771 GC heap before
{Heap before GC invocations=29 (full 0):
 garbage-first heap   total 161792K, used 65449K [0x0000000701e00000, 0x0000000800000000)
  region size 2048K, 3 young (6144K), 2 survivors (4096K)
 Metaspace       used 70188K, committed 70656K, reserved 1114112K
  class space    used 8511K, committed 8704K, reserved 1048576K
}
Event: 63.778 GC heap after
{Heap after GC invocations=30 (full 0):
 garbage-first heap   total 161792K, used 53278K [0x0000000701e00000, 0x0000000800000000)
  region size 2048K, 1 young (2048K), 1 survivors (2048K)
 Metaspace       used 70188K, committed 70656K, reserved 1114112K
  class space    used 8511K, committed 8704K, reserved 1048576K
}
Event: 131.847 GC heap before
{Heap before GC invocations=30 (full 0):
 garbage-first heap   total 161792K, used 118814K [0x0000000701e00000, 0x0000000800000000)
  region size 2048K, 34 young (69632K), 1 survivors (2048K)
 Metaspace       used 76590K, committed 77056K, reserved 1122304K
  class space    used 9278K, committed 9536K, reserved 1048576K
}
Event: 131.850 GC heap after
{Heap after GC invocations=31 (full 0):
 garbage-first heap   total 161792K, used 55043K [0x0000000701e00000, 0x0000000800000000)
  region size 2048K, 2 young (4096K), 2 survivors (4096K)
 Metaspace       used 76590K, committed 77056K, reserved 1122304K
  class space    used 9278K, committed 9536K, reserved 1048576K
}
Event: 377.275 GC heap before
{Heap before GC invocations=31 (full 0):
 garbage-first heap   total 161792K, used 124675K [0x0000000701e00000, 0x0000000800000000)
  region size 2048K, 36 young (73728K), 2 survivors (4096K)
 Metaspace       used 78935K, committed 79360K, reserved 1122304K
  class space    used 9587K, committed 9792K, reserved 1048576K
}
Event: 377.282 GC heap after
{Heap after GC invocations=32 (full 0):
 garbage-first heap   total 161792K, used 56149K [0x0000000701e00000, 0x0000000800000000)
  region size 2048K, 2 young (4096K), 2 survivors (4096K)
 Metaspace       used 78935K, committed 79360K, reserved 1122304K
  class space    used 9587K, committed 9792K, reserved 1048576K
}
Event: 721.470 GC heap before
{Heap before GC invocations=32 (full 0):
 garbage-first heap   total 161792K, used 125781K [0x0000000701e00000, 0x0000000800000000)
  region size 2048K, 36 young (73728K), 2 survivors (4096K)
 Metaspace       used 78973K, committed 79424K, reserved 1122304K
  class space    used 9587K, committed 9792K, reserved 1048576K
}
Event: 721.517 GC heap after
{Heap after GC invocations=33 (full 0):
 garbage-first heap   total 161792K, used 56286K [0x0000000701e00000, 0x0000000800000000)
  region size 2048K, 2 young (4096K), 2 survivors (4096K)
 Metaspace       used 78973K, committed 79424K, reserved 1122304K
  class space    used 9587K, committed 9792K, reserved 1048576K
}
Event: 1101.374 GC heap before
{Heap before GC invocations=33 (full 0):
 garbage-first heap   total 161792K, used 130014K [0x0000000701e00000, 0x0000000800000000)
  region size 2048K, 38 young (77824K), 2 survivors (4096K)
 Metaspace       used 78985K, committed 79424K, reserved 1122304K
  class space    used 9587K, committed 9792K, reserved 1048576K
}
Event: 1101.401 GC heap after
{Heap after GC invocations=34 (full 0):
 garbage-first heap   total 161792K, used 56374K [0x0000000701e00000, 0x0000000800000000)
  region size 2048K, 3 young (6144K), 3 survivors (6144K)
 Metaspace       used 78985K, committed 79424K, reserved 1122304K
  class space    used 9587K, committed 9792K, reserved 1048576K
}
Event: 1494.135 GC heap before
{Heap before GC invocations=34 (full 0):
 garbage-first heap   total 161792K, used 130102K [0x0000000701e00000, 0x0000000800000000)
  region size 2048K, 39 young (79872K), 3 survivors (6144K)
 Metaspace       used 78985K, committed 79424K, reserved 1122304K
  class space    used 9587K, committed 9792K, reserved 1048576K
}
Event: 1494.146 GC heap after
{Heap after GC invocations=35 (full 0):
 garbage-first heap   total 161792K, used 56286K [0x0000000701e00000, 0x0000000800000000)
  region size 2048K, 2 young (4096K), 2 survivors (4096K)
 Metaspace       used 78985K, committed 79424K, reserved 1122304K
  class space    used 9587K, committed 9792K, reserved 1048576K
}
Event: 1898.165 GC heap before
{Heap before GC invocations=35 (full 0):
 garbage-first heap   total 161792K, used 134110K [0x0000000701e00000, 0x0000000800000000)
  region size 2048K, 40 young (81920K), 2 survivors (4096K)
 Metaspace       used 79035K, committed 79488K, reserved 1122304K
  class space    used 9587K, committed 9792K, reserved 1048576K
}
Event: 1898.181 GC heap after
{Heap after GC invocations=36 (full 0):
 garbage-first heap   total 161792K, used 57196K [0x0000000701e00000, 0x0000000800000000)
  region size 2048K, 3 young (6144K), 3 survivors (6144K)
 Metaspace       used 79035K, committed 79488K, reserved 1122304K
  class space    used 9587K, committed 9792K, reserved 1048576K
}

Deoptimization events (20 events):
Event: 1783.029 Thread 0x000001e67f1ad270 Uncommon trap: trap_request=0xffffffde fr.pc=0x000001e667a002cc relative=0x00000000000006ec
Event: 1783.029 Thread 0x000001e67f1ad270 Uncommon trap: reason=class_check action=maybe_recompile pc=0x000001e667a002cc method=java.util.Collections$UnmodifiableCollection.contains(Ljava/lang/Object;)Z @ 5 c2
Event: 1783.029 Thread 0x000001e67f1ad270 DEOPT PACKING pc=0x000001e667a002cc sp=0x00000027c37fe360
Event: 1783.029 Thread 0x000001e67f1ad270 DEOPT UNPACKING pc=0x000001e65f9bd72e sp=0x00000027c37fe348 mode 2
Event: 1783.029 Thread 0x000001e67f1ad270 Uncommon trap: trap_request=0xffffffde fr.pc=0x000001e667a002cc relative=0x00000000000006ec
Event: 1783.029 Thread 0x000001e67f1ad270 Uncommon trap: reason=class_check action=maybe_recompile pc=0x000001e667a002cc method=java.util.Collections$UnmodifiableCollection.contains(Ljava/lang/Object;)Z @ 5 c2
Event: 1783.029 Thread 0x000001e67f1ad270 DEOPT PACKING pc=0x000001e667a002cc sp=0x00000027c37fe420
Event: 1783.029 Thread 0x000001e67f1ad270 DEOPT UNPACKING pc=0x000001e65f9bd72e sp=0x00000027c37fe408 mode 2
Event: 1982.883 Thread 0x000001e67f1add10 DEOPT PACKING pc=0x000001e66058b31c sp=0x00000027c18fc230
Event: 1982.883 Thread 0x000001e67f1add10 DEOPT UNPACKING pc=0x000001e65f9bdece sp=0x00000027c18fb778 mode 0
Event: 1982.883 Thread 0x000001e67f1add10 DEOPT PACKING pc=0x000001e6679651dc sp=0x00000027c18fc330
Event: 1982.883 Thread 0x000001e67f1add10 DEOPT UNPACKING pc=0x000001e65f9bdece sp=0x00000027c18fb800 mode 0
Event: 1982.929 Thread 0x000001e67f1add10 DEOPT PACKING pc=0x000001e660cb9db4 sp=0x00000027c18fc260
Event: 1982.929 Thread 0x000001e67f1add10 DEOPT UNPACKING pc=0x000001e65f9bdece sp=0x00000027c18fb6c8 mode 1
Event: 1982.929 Thread 0x000001e67f1add10 DEOPT PACKING pc=0x000001e660cb9db4 sp=0x00000027c18fc4b0
Event: 1982.929 Thread 0x000001e67f1add10 DEOPT UNPACKING pc=0x000001e65f9bdece sp=0x00000027c18fb918 mode 1
Event: 1982.944 Thread 0x000001e67f1add10 DEOPT PACKING pc=0x000001e660acab04 sp=0x00000027c18febe0
Event: 1982.944 Thread 0x000001e67f1add10 DEOPT UNPACKING pc=0x000001e65f9bdece sp=0x00000027c18fe090 mode 1
Event: 1982.944 Thread 0x000001e67f1add10 DEOPT PACKING pc=0x000001e66040cfcc sp=0x00000027c18fec80
Event: 1982.944 Thread 0x000001e67f1add10 DEOPT UNPACKING pc=0x000001e65f9bdece sp=0x00000027c18fe180 mode 1

Classes unloaded (20 events):
Event: 15.551 Thread 0x000001e67b820ae0 Unloading class 0x0000000800721800 'jdk/internal/reflect/GeneratedSerializationConstructorAccessor20'
Event: 15.551 Thread 0x000001e67b820ae0 Unloading class 0x0000000800721400 'jdk/internal/reflect/GeneratedSerializationConstructorAccessor19'
Event: 15.551 Thread 0x000001e67b820ae0 Unloading class 0x0000000800720c00 'jdk/internal/reflect/GeneratedSerializationConstructorAccessor18'
Event: 15.551 Thread 0x000001e67b820ae0 Unloading class 0x0000000800720800 'jdk/internal/reflect/GeneratedSerializationConstructorAccessor17'
Event: 15.551 Thread 0x000001e67b820ae0 Unloading class 0x0000000800720400 'jdk/internal/reflect/GeneratedSerializationConstructorAccessor16'
Event: 15.552 Thread 0x000001e67b820ae0 Unloading class 0x000000080071d400 'jdk/internal/reflect/GeneratedSerializationConstructorAccessor15'
Event: 15.552 Thread 0x000001e67b820ae0 Unloading class 0x000000080071d000 'jdk/internal/reflect/GeneratedSerializationConstructorAccessor14'
Event: 15.552 Thread 0x000001e67b820ae0 Unloading class 0x000000080071cc00 'jdk/internal/reflect/GeneratedSerializationConstructorAccessor13'
Event: 15.552 Thread 0x000001e67b820ae0 Unloading class 0x000000080071c800 'jdk/internal/reflect/GeneratedSerializationConstructorAccessor12'
Event: 15.552 Thread 0x000001e67b820ae0 Unloading class 0x000000080071c400 'jdk/internal/reflect/GeneratedSerializationConstructorAccessor11'
Event: 15.552 Thread 0x000001e67b820ae0 Unloading class 0x0000000800714400 'jdk/internal/reflect/GeneratedSerializationConstructorAccessor10'
Event: 15.552 Thread 0x000001e67b820ae0 Unloading class 0x0000000800714000 'jdk/internal/reflect/GeneratedSerializationConstructorAccessor9'
Event: 15.552 Thread 0x000001e67b820ae0 Unloading class 0x000000080070f800 'jdk/internal/reflect/GeneratedSerializationConstructorAccessor8'
Event: 15.552 Thread 0x000001e67b820ae0 Unloading class 0x000000080070f000 'jdk/internal/reflect/GeneratedSerializationConstructorAccessor7'
Event: 15.552 Thread 0x000001e67b820ae0 Unloading class 0x000000080070ec00 'jdk/internal/reflect/GeneratedSerializationConstructorAccessor6'
Event: 15.552 Thread 0x000001e67b820ae0 Unloading class 0x000000080070d000 'jdk/internal/reflect/GeneratedSerializationConstructorAccessor5'
Event: 15.552 Thread 0x000001e67b820ae0 Unloading class 0x000000080070cc00 'jdk/internal/reflect/GeneratedSerializationConstructorAccessor4'
Event: 15.552 Thread 0x000001e67b820ae0 Unloading class 0x000000080070c800 'jdk/internal/reflect/GeneratedSerializationConstructorAccessor3'
Event: 15.552 Thread 0x000001e67b820ae0 Unloading class 0x000000080070c400 'jdk/internal/reflect/GeneratedSerializationConstructorAccessor2'
Event: 15.552 Thread 0x000001e67b820ae0 Unloading class 0x000000080070c000 'jdk/internal/reflect/GeneratedSerializationConstructorAccessor1'

Classes redefined (0 events):
No events

Internal exceptions (20 events):
Event: 13.778 Thread 0x000001e67bb9c150 Exception <a 'java/lang/IncompatibleClassChangeError'{0x00000007063b6158}: Found class java.lang.Object, but interface was expected> (0x00000007063b6158) 
thrown [t:\workspace\open\src\hotspot\share\interpreter\linkResolver.cpp, line 857]
Event: 14.047 Thread 0x000001e67e68aba0 Implicit null exception at 0x000001e6678cb3ef to 0x000001e6678cb880
Event: 14.047 Thread 0x000001e67e68aba0 Implicit null exception at 0x000001e667717700 to 0x000001e667717788
Event: 15.095 Thread 0x000001e67bb9c150 Exception <a 'java/lang/ClassNotFoundException'{0x0000000707861da0}: java/lang/ObjectCustomizer> (0x0000000707861da0) 
thrown [t:\workspace\open\src\hotspot\share\classfile\systemDictionary.cpp, line 256]
Event: 15.096 Thread 0x000001e67bb9c150 Exception <a 'java/lang/ClassNotFoundException'{0x000000070786b5c0}: org/springframework/security/config/annotation/web/configuration/HttpSecurityConfigurationCustomizer> (0x000000070786b5c0) 
thrown [t:\workspace\open\src\hotspot\share\classfile\systemDictionary.cpp, line 256]
Event: 15.162 Thread 0x000001e67bb9c150 Exception <a 'java/lang/NoSuchMethodError'{0x00000007077eb560}: 'void java.lang.invoke.DirectMethodHandle$Holder.invokeVirtual(java.lang.Object, java.lang.Object, int)'> (0x00000007077eb560) 
thrown [t:\workspace\open\src\hotspot\share\interpreter\linkResolver.cpp, line 790]
Event: 15.164 Thread 0x000001e67bb9c150 Exception <a 'java/lang/NoSuchMethodError'{0x0000000707406d00}: 'void java.lang.invoke.DirectMethodHandle$Holder.invokeVirtual(java.lang.Object, java.lang.Object, long)'> (0x0000000707406d00) 
thrown [t:\workspace\open\src\hotspot\share\interpreter\linkResolver.cpp, line 790]
Event: 15.253 Thread 0x000001e67bb9c150 Exception <a 'java/lang/NoSuchMethodError'{0x00000007091e8380}: 'int java.lang.invoke.DirectMethodHandle$Holder.invokeStaticInit(java.lang.Object, java.lang.Object, java.lang.Object, java.lang.Object)'> (0x00000007091e8380) 
thrown [t:\workspace\open\src\hotspot\share\interpreter\linkResolver.cpp, line 790]
Event: 15.384 Thread 0x000001e67bb9c150 Implicit null exception at 0x000001e6676546e0 to 0x000001e6676549f8
Event: 15.462 Thread 0x000001e67bb9c150 Exception <a 'java/lang/NoSuchMethodError'{0x000000070814f758}: 'java.lang.Object java.lang.invoke.DirectMethodHandle$Holder.invokeSpecial(java.lang.Object, java.lang.Object, int, java.lang.Object, int, java.lang.Object)'> (0x000000070814f758) 
thrown [t:\workspace\open\src\hotspot\share\interpreter\linkResolver.cpp, line 790]
Event: 15.462 Thread 0x000001e67bb9c150 Exception <a 'java/lang/NoSuchMethodError'{0x00000007081580b0}: 'java.lang.Object java.lang.invoke.DirectMethodHandle$Holder.newInvokeSpecial(java.lang.Object, java.lang.Object, int, java.lang.Object, int)'> (0x00000007081580b0) 
thrown [t:\workspace\open\src\hotspot\share\interpreter\linkResolver.cpp, line 790]
Event: 15.463 Thread 0x000001e67bb9c150 Exception <a 'java/lang/NoSuchMethodError'{0x000000070815c2c0}: 'java.lang.Object java.lang.invoke.DirectMethodHandle$Holder.invokeSpecial(java.lang.Object, java.lang.Object, java.lang.Object, int, java.lang.Object, int)'> (0x000000070815c2c0) 
thrown [t:\workspace\open\src\hotspot\share\interpreter\linkResolver.cpp, line 790]
Event: 15.463 Thread 0x000001e67bb9c150 Exception <a 'java/lang/NoSuchMethodError'{0x000000070816baf8}: 'void java.lang.invoke.DirectMethodHandle$Holder.invokeVirtual(java.lang.Object, java.lang.Object)'> (0x000000070816baf8) 
thrown [t:\workspace\open\src\hotspot\share\interpreter\linkResolver.cpp, line 790]
Event: 62.950 Thread 0x000001e67f1abd30 Exception <a 'java/lang/NoSuchMethodError'{0x000000070a553c98}: 'java.lang.Object java.lang.invoke.DirectMethodHandle$Holder.invokeStatic(java.lang.Object, int, int)'> (0x000000070a553c98) 
thrown [t:\workspace\open\src\hotspot\share\interpreter\linkResolver.cpp, line 790]
Event: 63.970 Thread 0x000001e67f1abd30 Exception <a 'sun/nio/fs/WindowsException'{0x000000070b4671d8}> (0x000000070b4671d8) 
thrown [t:\workspace\open\src\hotspot\share\prims\jni.cpp, line 579]
Event: 131.450 Thread 0x000001e67f1add10 Exception <a 'java/lang/NoSuchMethodError'{0x00000007091d6ff0}: 'void java.lang.invoke.DirectMethodHandle$Holder.invokeStatic(java.lang.Object, java.lang.Object, java.lang.Object, int)'> (0x00000007091d6ff0) 
thrown [t:\workspace\open\src\hotspot\share\interpreter\linkResolver.cpp, line 790]
Event: 131.450 Thread 0x000001e67f1add10 Exception <a 'java/lang/NoSuchMethodError'{0x00000007091dae88}: 'void java.lang.invoke.DirectMethodHandle$Holder.invokeStaticInit(java.lang.Object, java.lang.Object, java.lang.Object, int)'> (0x00000007091dae88) 
thrown [t:\workspace\open\src\hotspot\share\interpreter\linkResolver.cpp, line 790]
Event: 1982.929 Thread 0x000001e67f1add10 Exception <a 'java/io/IOException'{0x000000070ab0efa0}> (0x000000070ab0efa0) 
thrown [t:\workspace\open\src\hotspot\share\prims\jni.cpp, line 579]
Event: 1982.929 Thread 0x000001e67f1add10 Exception <a 'java/io/IOException'{0x000000070ab0faa8}> (0x000000070ab0faa8) 
thrown [t:\workspace\open\src\hotspot\share\prims\jni.cpp, line 579]
Event: 1982.944 Thread 0x000001e67f1add10 Exception <a 'java/io/IOException'{0x000000070ab15628}> (0x000000070ab15628) 
thrown [t:\workspace\open\src\hotspot\share\prims\jni.cpp, line 579]

Events (20 events):
Event: 1812.584 Thread 0x000001e67f1ab290 Thread exited: 0x000001e67f1ab290
Event: 1898.083 Executing  VM operation: G1CollectForAllocation
Event: 1898.181 Executing  VM operation: G1CollectForAllocation done
Event: 1898.181 Executing  VM operation: Cleanup
Event: 1898.183 Executing  VM operation: Cleanup done
Event: 1982.845 Executing  VM operation: ChangeBreakpoints
Event: 1982.845 Executing  VM operation: ChangeBreakpoints done
Event: 1982.845 Executing  VM operation: ChangeBreakpoints
Event: 1982.845 Executing  VM operation: ChangeBreakpoints done
Event: 1982.845 Executing  VM operation: ChangeBreakpoints
Event: 1982.845 Executing  VM operation: ChangeBreakpoints done
Event: 1982.845 Executing  VM operation: ChangeBreakpoints
Event: 1982.845 Executing  VM operation: ChangeBreakpoints done
Event: 1982.845 Thread 0x000001e67bb3f1d0 Thread exited: 0x000001e67bb3f1d0
Event: 1982.875 loading class java/time/format/DateTimeFormatterBuilder$ZoneTextPrinterParser
Event: 1982.880 loading class java/time/format/DateTimeFormatterBuilder$ZoneTextPrinterParser done
Event: 1982.881 loading class java/time/format/DateTimeFormatterBuilder$ReducedPrinterParser
Event: 1982.882 loading class java/time/format/DateTimeFormatterBuilder$ReducedPrinterParser done
Event: 1982.944 loading class sun/net/ConnectionResetException
Event: 1982.944 loading class sun/net/ConnectionResetException done


Dynamic libraries:
0x00007ff79a060000 - 0x00007ff79a06e000 	D:\Document Bootcamp\eclipse-jee-2021-09-R-win32-x86_64\eclipse\plugins\org.eclipse.justj.openjdk.hotspot.jre.full.win32.x86_64_16.0.2.v20210721-1149\jre\bin\javaw.exe
0x00007fff10b60000 - 0x00007fff10d67000 	C:\Windows\SYSTEM32\ntdll.dll
0x00007fff0f110000 - 0x00007fff0f1cd000 	C:\Windows\System32\KERNEL32.DLL
0x00007fff0e1b0000 - 0x00007fff0e524000 	C:\Windows\System32\KERNELBASE.dll
0x00007fff0e680000 - 0x00007fff0e791000 	C:\Windows\System32\ucrtbase.dll
0x00007ffef9030000 - 0x00007ffef9048000 	D:\Document Bootcamp\eclipse-jee-2021-09-R-win32-x86_64\eclipse\plugins\org.eclipse.justj.openjdk.hotspot.jre.full.win32.x86_64_16.0.2.v20210721-1149\jre\bin\jli.dll
0x00007ffef9050000 - 0x00007ffef9069000 	D:\Document Bootcamp\eclipse-jee-2021-09-R-win32-x86_64\eclipse\plugins\org.eclipse.justj.openjdk.hotspot.jre.full.win32.x86_64_16.0.2.v20210721-1149\jre\bin\VCRUNTIME140.dll
0x00007fff0f990000 - 0x00007fff0fb3c000 	C:\Windows\System32\USER32.dll
0x00007fff0e530000 - 0x00007fff0e556000 	C:\Windows\System32\win32u.dll
0x00007ffefd050000 - 0x00007ffefd2f5000 	C:\Windows\WinSxS\amd64_microsoft.windows.common-controls_6595b64144ccf1df_6.0.22000.120_none_9d947278b86cc467\COMCTL32.dll
0x00007fff109c0000 - 0x00007fff109e9000 	C:\Windows\System32\GDI32.dll
0x00007fff0ff10000 - 0x00007fff0ffb3000 	C:\Windows\System32\msvcrt.dll
0x00007fff0e560000 - 0x00007fff0e672000 	C:\Windows\System32\gdi32full.dll
0x00007fff0e7a0000 - 0x00007fff0e83d000 	C:\Windows\System32\msvcp_win.dll
0x00007fff0fed0000 - 0x00007fff0ff01000 	C:\Windows\System32\IMM32.DLL
0x00007ffefc8d0000 - 0x00007ffefc8dc000 	D:\Document Bootcamp\eclipse-jee-2021-09-R-win32-x86_64\eclipse\plugins\org.eclipse.justj.openjdk.hotspot.jre.full.win32.x86_64_16.0.2.v20210721-1149\jre\bin\vcruntime140_1.dll
0x00007ffeaed30000 - 0x00007ffeaedc1000 	D:\Document Bootcamp\eclipse-jee-2021-09-R-win32-x86_64\eclipse\plugins\org.eclipse.justj.openjdk.hotspot.jre.full.win32.x86_64_16.0.2.v20210721-1149\jre\bin\msvcp140.dll
0x00007ffea1de0000 - 0x00007ffea298b000 	D:\Document Bootcamp\eclipse-jee-2021-09-R-win32-x86_64\eclipse\plugins\org.eclipse.justj.openjdk.hotspot.jre.full.win32.x86_64_16.0.2.v20210721-1149\jre\bin\server\jvm.dll
0x00007fff0eb00000 - 0x00007fff0ebac000 	C:\Windows\System32\ADVAPI32.dll
0x00007fff109f0000 - 0x00007fff10a8d000 	C:\Windows\System32\sechost.dll
0x00007fff0fb40000 - 0x00007fff0fc61000 	C:\Windows\System32\RPCRT4.dll
0x00007fff10a90000 - 0x00007fff10a98000 	C:\Windows\System32\PSAPI.DLL
0x00007fff01170000 - 0x00007fff01179000 	C:\Windows\SYSTEM32\WSOCK32.dll
0x00007fff096a0000 - 0x00007fff096d3000 	C:\Windows\SYSTEM32\WINMM.dll
0x00007fff09080000 - 0x00007fff0908a000 	C:\Windows\SYSTEM32\VERSION.dll
0x00007fff104c0000 - 0x00007fff1052f000 	C:\Windows\System32\WS2_32.dll
0x00007fff0d140000 - 0x00007fff0d158000 	C:\Windows\SYSTEM32\kernel.appcore.dll
0x00007fff0b600000 - 0x00007fff0b60a000 	D:\Document Bootcamp\eclipse-jee-2021-09-R-win32-x86_64\eclipse\plugins\org.eclipse.justj.openjdk.hotspot.jre.full.win32.x86_64_16.0.2.v20210721-1149\jre\bin\jimage.dll
0x00007fff043d0000 - 0x00007fff045f1000 	C:\Windows\SYSTEM32\DBGHELP.DLL
0x00007fff012b0000 - 0x00007fff012e1000 	C:\Windows\SYSTEM32\dbgcore.DLL
0x00007fff0e840000 - 0x00007fff0e8c0000 	C:\Windows\System32\bcryptPrimitives.dll
0x00007ffed6840000 - 0x00007ffed687b000 	D:\Document Bootcamp\eclipse-jee-2021-09-R-win32-x86_64\eclipse\plugins\org.eclipse.justj.openjdk.hotspot.jre.full.win32.x86_64_16.0.2.v20210721-1149\jre\bin\jdwp.dll
0x00007ffefc8a0000 - 0x00007ffefc8ae000 	D:\Document Bootcamp\eclipse-jee-2021-09-R-win32-x86_64\eclipse\plugins\org.eclipse.justj.openjdk.hotspot.jre.full.win32.x86_64_16.0.2.v20210721-1149\jre\bin\instrument.dll
0x00007fff09720000 - 0x00007fff09745000 	D:\Document Bootcamp\eclipse-jee-2021-09-R-win32-x86_64\eclipse\plugins\org.eclipse.justj.openjdk.hotspot.jre.full.win32.x86_64_16.0.2.v20210721-1149\jre\bin\java.dll
0x00007ffefc990000 - 0x00007ffefc9a8000 	D:\Document Bootcamp\eclipse-jee-2021-09-R-win32-x86_64\eclipse\plugins\org.eclipse.justj.openjdk.hotspot.jre.full.win32.x86_64_16.0.2.v20210721-1149\jre\bin\zip.dll
0x00007fff0f1d0000 - 0x00007fff0f97a000 	C:\Windows\System32\SHELL32.dll
0x00007fff0c1c0000 - 0x00007fff0ca22000 	C:\Windows\SYSTEM32\windows.storage.dll
0x00007fff10140000 - 0x00007fff104b8000 	C:\Windows\System32\combase.dll
0x00007fff0c050000 - 0x00007fff0c1b6000 	C:\Windows\SYSTEM32\wintypes.dll
0x00007fff10030000 - 0x00007fff1011a000 	C:\Windows\System32\SHCORE.dll
0x00007fff0e9f0000 - 0x00007fff0ea4d000 	C:\Windows\System32\shlwapi.dll
0x00007fff0df70000 - 0x00007fff0df91000 	C:\Windows\SYSTEM32\profapi.dll
0x00007ffeeef40000 - 0x00007ffeeef4c000 	D:\Document Bootcamp\eclipse-jee-2021-09-R-win32-x86_64\eclipse\plugins\org.eclipse.justj.openjdk.hotspot.jre.full.win32.x86_64_16.0.2.v20210721-1149\jre\bin\dt_socket.dll
0x00007fff0cc80000 - 0x00007fff0ccad000 	C:\Windows\SYSTEM32\IPHLPAPI.DLL
0x00007fff0d550000 - 0x00007fff0d5b7000 	C:\Windows\system32\mswsock.dll
0x00007fff0ccb0000 - 0x00007fff0cd97000 	C:\Windows\SYSTEM32\DNSAPI.dll
0x00007fff0f980000 - 0x00007fff0f989000 	C:\Windows\System32\NSI.dll
0x00007fff066f0000 - 0x00007fff066fa000 	C:\Windows\System32\rasadhlp.dll
0x00007fff081b0000 - 0x00007fff08231000 	C:\Windows\System32\fwpuclnt.dll
0x00007ffefc970000 - 0x00007ffefc989000 	D:\Document Bootcamp\eclipse-jee-2021-09-R-win32-x86_64\eclipse\plugins\org.eclipse.justj.openjdk.hotspot.jre.full.win32.x86_64_16.0.2.v20210721-1149\jre\bin\net.dll
0x00007fff08d80000 - 0x00007fff08e8c000 	C:\Windows\SYSTEM32\WINHTTP.dll
0x00007ffefc950000 - 0x00007ffefc963000 	D:\Document Bootcamp\eclipse-jee-2021-09-R-win32-x86_64\eclipse\plugins\org.eclipse.justj.openjdk.hotspot.jre.full.win32.x86_64_16.0.2.v20210721-1149\jre\bin\nio.dll
0x00007fff0b5d0000 - 0x00007fff0b5e0000 	D:\Document Bootcamp\eclipse-jee-2021-09-R-win32-x86_64\eclipse\plugins\org.eclipse.justj.openjdk.hotspot.jre.full.win32.x86_64_16.0.2.v20210721-1149\jre\bin\verify.dll
0x00007fff09cf0000 - 0x00007fff09cf9000 	D:\Document Bootcamp\eclipse-jee-2021-09-R-win32-x86_64\eclipse\plugins\org.eclipse.justj.openjdk.hotspot.jre.full.win32.x86_64_16.0.2.v20210721-1149\jre\bin\management.dll
0x00007ffefc8f0000 - 0x00007ffefc8fb000 	D:\Document Bootcamp\eclipse-jee-2021-09-R-win32-x86_64\eclipse\plugins\org.eclipse.justj.openjdk.hotspot.jre.full.win32.x86_64_16.0.2.v20210721-1149\jre\bin\management_ext.dll
0x00007fff01340000 - 0x00007fff01357000 	C:\Windows\system32\napinsp.dll
0x00007fff01290000 - 0x00007fff012ab000 	C:\Windows\system32\pnrpnsp.dll
0x00007ffeffe30000 - 0x00007ffeffe42000 	C:\Windows\System32\winrnr.dll
0x00007ffeffe10000 - 0x00007ffeffe25000 	C:\Windows\system32\wshbth.dll
0x00007fff01400000 - 0x00007fff0141f000 	C:\Windows\system32\nlansp_c.dll
0x00007fff0d7a0000 - 0x00007fff0d7b8000 	C:\Windows\SYSTEM32\CRYPTSP.dll
0x00007fff0d0a0000 - 0x00007fff0d0d5000 	C:\Windows\system32\rsaenh.dll
0x00007fff0d640000 - 0x00007fff0d669000 	C:\Windows\SYSTEM32\USERENV.dll
0x00007fff0d910000 - 0x00007fff0d937000 	C:\Windows\SYSTEM32\bcrypt.dll
0x00007fff0d790000 - 0x00007fff0d79c000 	C:\Windows\SYSTEM32\CRYPTBASE.dll
0x00007fff08860000 - 0x00007fff08879000 	C:\Windows\SYSTEM32\dhcpcsvc6.DLL
0x00007fff09280000 - 0x00007fff0929e000 	C:\Windows\SYSTEM32\dhcpcsvc.DLL
0x00007ffefc8e0000 - 0x00007ffefc8ee000 	D:\Document Bootcamp\eclipse-jee-2021-09-R-win32-x86_64\eclipse\plugins\org.eclipse.justj.openjdk.hotspot.jre.full.win32.x86_64_16.0.2.v20210721-1149\jre\bin\sunmscapi.dll
0x00007fff0e040000 - 0x00007fff0e1a2000 	C:\Windows\System32\CRYPT32.dll
0x00007fff0d8e0000 - 0x00007fff0d908000 	C:\Windows\SYSTEM32\ncrypt.dll
0x00007fff0d8a0000 - 0x00007fff0d8d7000 	C:\Windows\SYSTEM32\NTASN1.dll
0x00007ffeea590000 - 0x00007ffeea598000 	C:\Windows\system32\wshunix.dll

dbghelp: loaded successfully - version: 4.0.5 - missing functions: none
symbol engine: initialized successfully - sym options: 0x614 - pdb path: .;D:\Document Bootcamp\eclipse-jee-2021-09-R-win32-x86_64\eclipse\plugins\org.eclipse.justj.openjdk.hotspot.jre.full.win32.x86_64_16.0.2.v20210721-1149\jre\bin;C:\Windows\SYSTEM32;C:\Windows\WinSxS\amd64_microsoft.windows.common-controls_6595b64144ccf1df_6.0.22000.120_none_9d947278b86cc467;D:\Document Bootcamp\eclipse-jee-2021-09-R-win32-x86_64\eclipse\plugins\org.eclipse.justj.openjdk.hotspot.jre.full.win32.x86_64_16.0.2.v20210721-1149\jre\bin\server

VM Arguments:
jvm_args: -XX:+ShowCodeDetailsInExceptionMessages -agentlib:jdwp=transport=dt_socket,suspend=y,address=localhost:65017 -javaagent:D:\Document Bootcamp\eclipse-jee-2021-09-R-win32-x86_64\eclipse\configuration\org.eclipse.osgi\415\0\.cp\lib\javaagent-shaded.jar -Dfile.encoding=UTF-8 
java_command: com.lawencon.lms.App
java_class_path (initial): D:\LMS\LMS\lms\target\classes;D:\LMS\LMS\core\target\classes;C:\Users\otaku\.m2\repository\org\springframework\boot\spring-boot-starter-web\2.6.1\spring-boot-starter-web-2.6.1.jar;C:\Users\otaku\.m2\repository\org\springframework\boot\spring-boot-starter\2.6.1\spring-boot-starter-2.6.1.jar;C:\Users\otaku\.m2\repository\org\springframework\boot\spring-boot\2.6.1\spring-boot-2.6.1.jar;C:\Users\otaku\.m2\repository\org\springframework\boot\spring-boot-autoconfigure\2.6.1\spring-boot-autoconfigure-2.6.1.jar;C:\Users\otaku\.m2\repository\org\springframework\boot\spring-boot-starter-logging\2.6.1\spring-boot-starter-logging-2.6.1.jar;C:\Users\otaku\.m2\repository\ch\qos\logback\logback-classic\1.2.7\logback-classic-1.2.7.jar;C:\Users\otaku\.m2\repository\ch\qos\logback\logback-core\1.2.7\logback-core-1.2.7.jar;C:\Users\otaku\.m2\repository\org\apache\logging\log4j\log4j-to-slf4j\2.14.1\log4j-to-slf4j-2.14.1.jar;C:\Users\otaku\.m2\repository\org\apache\logging\log4j\log4j-api\2.14.1\log4j-api-2.14.1.jar;C:\Users\otaku\.m2\repository\org\slf4j\jul-to-slf4j\1.7.32\jul-to-slf4j-1.7.32.jar;C:\Users\otaku\.m2\repository\jakarta\annotation\jakarta.annotation-api\1.3.5\jakarta.annotation-api-1.3.5.jar;C:\Users\otaku\.m2\repository\org\springframework\spring-core\5.3.13\spring-core-5.3.13.jar;C:\Users\otaku\.m2\repository\org\springframework\spring-jcl\5.3.13\spring-jcl-5.3.13.jar;C:\Users\otaku\.m2\repository\org\yaml\snakeyaml\1.29\snakeyaml-1.29.jar;C:\Users\otaku\.m2\repository\org\springframework\boot\spring-boot-starter-json\2.6.1\spring-boot-starter-json-2.6.1.jar;C:\Users\otaku\.m2\repository\com\fasterxml\jackson\datatype\jackson-datatype-jdk8\2.13.0\jackson-datatype-jdk8-2.13.0.jar;C:\Users\otaku\.m2\repository\com\fasterxml\jackson\datatype\jackson-datatype-jsr310\2.13.0\jackson-datatype-jsr310-2.13.0.jar;C:\Users\otaku\.m2\repository\com\fasterxml\jackson\module\jackson-module-parameter-names\2.13.0\jackson-module-parameter-names-2.13.0.jar
Launcher Type: SUN_STANDARD

[Global flags]
     intx CICompilerCount                          = 4                                         {product} {ergonomic}
     uint ConcGCThreads                            = 2                                         {product} {ergonomic}
     uint G1ConcRefinementThreads                  = 8                                         {product} {ergonomic}
   size_t G1HeapRegionSize                         = 2097152                                   {product} {ergonomic}
    uintx GCDrainStackTargetSize                   = 64                                        {product} {ergonomic}
   size_t InitialHeapSize                          = 268435456                                 {product} {ergonomic}
   size_t MarkStackSize                            = 4194304                                   {product} {ergonomic}
   size_t MaxHeapSize                              = 4263510016                                {product} {ergonomic}
   size_t MaxNewSize                               = 2556428288                                {product} {ergonomic}
   size_t MinHeapDeltaBytes                        = 2097152                                   {product} {ergonomic}
   size_t MinHeapSize                              = 8388608                                   {product} {ergonomic}
    uintx NonNMethodCodeHeapSize                   = 5839372                                {pd product} {ergonomic}
    uintx NonProfiledCodeHeapSize                  = 122909434                              {pd product} {ergonomic}
    uintx ProfiledCodeHeapSize                     = 122909434                              {pd product} {ergonomic}
    uintx ReservedCodeCacheSize                    = 251658240                              {pd product} {ergonomic}
     bool SegmentedCodeCache                       = true                                      {product} {ergonomic}
     bool ShowCodeDetailsInExceptionMessages       = true                                   {manageable} {command line}
   size_t SoftMaxHeapSize                          = 4263510016                             {manageable} {ergonomic}
     bool UseCompressedClassPointers               = true                           {product lp64_product} {ergonomic}
     bool UseCompressedOops                        = true                           {product lp64_product} {ergonomic}
     bool UseG1GC                                  = true                                      {product} {ergonomic}
     bool UseLargePagesIndividualAllocation        = false                                  {pd product} {ergonomic}

Logging:
Log output configuration:
 #0: stdout all=warning uptime,level,tags
 #1: stderr all=off uptime,level,tags

Environment Variables:
JAVA_HOME=D:\Document Bootcamp\jdk-11.0.2
PATH=D:\Document Bootcamp\eclipse-jee-2021-09-R-win32-x86_64\eclipse\plugins\org.eclipse.justj.openjdk.hotspot.jre.full.win32.x86_64_16.0.2.v20210721-1149\jre\bin;D:/Document Bootcamp/eclipse-jee-2021-09-R-win32-x86_64/eclipse//plugins/org.eclipse.justj.openjdk.hotspot.jre.full.win32.x86_64_16.0.2.v20210721-1149/jre/bin/server;D:/Document Bootcamp/eclipse-jee-2021-09-R-win32-x86_64/eclipse//plugins/org.eclipse.justj.openjdk.hotspot.jre.full.win32.x86_64_16.0.2.v20210721-1149/jre/bin;C:\Program Files (x86)\Intel\iCLS Client\;C:\Program Files\Intel\iCLS Client\;C:\Windows\system32;C:\Windows;C:\Windows\System32\Wbem;C:\Windows\System32\WindowsPowerShell\v1.0\;C:\Windows\System32\OpenSSH\;C:\Program Files (x86)\Intel\Intel(R) Management Engine Components\DAL;C:\Program Files\Intel\Intel(R) Management Engine Components\DAL;C:\Program Files (x86)\Intel\Intel(R) Management Engine Components\IPT;C:\Program Files\Intel\Intel(R) Management Engine Components\IPT;C:\Program Files\dotnet\;C:\Program Files\Microsoft SQL Server\130\Tools\Binn\;C:\Program Files\Microsoft SQL Server\Client SDK\ODBC\170\Tools\Binn\;C:\Program Files\NVIDIA Corporation\NVIDIA NvDLISR;C:\Program Files (x86)\NVIDIA Corporation\PhysX\Common;C:\Program Files\Git\cmd;D:\Document Bootcamp\jdk-11.0.2\bin;D:\Document Bootcamp\apache-maven-3.8.2\bin;C:\Program Files\nodejs\;C:\Users\otaku\AppData\Local\Microsoft\WindowsApps;D:\Document Bootcamp\jdk-11.0.2\bin;C:\Users\otaku\.dotnet\tools;C:\Users\otaku\AppData\Local\Programs\Microsoft VS Code\bin;C:\Users\otaku\AppData\Roaming\npm;D:\Document Bootcamp\eclipse-jee-2021-09-R-win32-x86_64\eclipse;
USERNAME=otaku
OS=Windows_NT
PROCESSOR_IDENTIFIER=Intel64 Family 6 Model 158 Stepping 9, GenuineIntel



---------------  S Y S T E M  ---------------

OS:
 Windows 10 , 64 bit Build 22000 (10.0.22000.318)
OS uptime: 1 days 17:59 hours

CPU: total 8 (initial active 8) (4 cores per cpu, 2 threads per core) family 6 model 158 stepping 9 microcode 0xde, cx8, cmov, fxsr, ht, mmx, 3dnowpref, sse, sse2, sse3, ssse3, sse4.1, sse4.2, popcnt, lzcnt, tsc, tscinvbit, avx, avx2, aes, erms, clmul, bmi1, bmi2, adx, fma, vzeroupper, clflush, clflushopt

Memory: 4k page, system-wide physical 16258M (8987M free)
TotalPageFile size 23426M (AvailPageFile size 10048M)
current process WorkingSet (physical memory assigned to process): 220M, peak: 447M
current process commit charge ("private bytes"): 396M, peak: 484M

vm_info: OpenJDK 64-Bit Server VM (16.0.2+7-67) for windows-amd64 JRE (16.0.2+7-67), built on Jun  8 2021 23:21:43 by "mach5one" with MS VC++ 16.7 (VS2019)

END.
